[0.022s] Invoking command in '/home/herman/ros2_ws/build/joint_simulator': CMAKE_PREFIX_PATH=${CMAKE_PREFIX_PATH}:/opt/ros/jazzy DEBUGINFOD_URLS=https://debuginfod.ubuntu.com /usr/bin/cmake /home/herman/ros2_ws/src/joint_simulator -DCMAKE_EXPORT_COMPILE_COMMANDS=ON -DCMAKE_INSTALL_PREFIX=/home/herman/ros2_ws/install/joint_simulator
[0.042s] -- Found ament_cmake: 2.5.3 (/opt/ros/jazzy/share/ament_cmake/cmake)
[0.439s] -- Found ament_lint_auto: 0.17.1 (/opt/ros/jazzy/share/ament_lint_auto/cmake)
[0.594s] -- Added test 'cppcheck' to perform static code analysis on C / C++ code
[0.595s] -- Configured cppcheck include dirs: 
[0.595s] -- Configured cppcheck exclude dirs and/or files: 
[0.597s] -- Added test 'lint_cmake' to check CMake code style
[0.599s] -- Added test 'uncrustify' to check C / C++ code style
[0.600s] -- Configured uncrustify additional arguments: 
[0.601s] -- Added test 'xmllint' to check XML markup files
[0.602s] -- Configuring done (0.6s)
[0.607s] -- Generating done (0.0s)
[0.608s] [33mCMake Warning:
[0.608s]   Manually-specified variables were not used by the project:
[0.609s] 
[0.609s]     CMAKE_EXPORT_COMPILE_COMMANDS
[0.609s] 
[0.609s] [0m
[0.610s] -- Build files have been written to: /home/herman/ros2_ws/build/joint_simulator
[0.615s] Invoked command in '/home/herman/ros2_ws/build/joint_simulator' returned '0': CMAKE_PREFIX_PATH=${CMAKE_PREFIX_PATH}:/opt/ros/jazzy DEBUGINFOD_URLS=https://debuginfod.ubuntu.com /usr/bin/cmake /home/herman/ros2_ws/src/joint_simulator -DCMAKE_EXPORT_COMPILE_COMMANDS=ON -DCMAKE_INSTALL_PREFIX=/home/herman/ros2_ws/install/joint_simulator
[0.618s] Invoking command in '/home/herman/ros2_ws/build/joint_simulator': CMAKE_PREFIX_PATH=${CMAKE_PREFIX_PATH}:/opt/ros/jazzy DEBUGINFOD_URLS=https://debuginfod.ubuntu.com /usr/bin/cmake --build /home/herman/ros2_ws/build/joint_simulator -- -j4 -l4
[0.676s] Invoked command in '/home/herman/ros2_ws/build/joint_simulator' returned '0': CMAKE_PREFIX_PATH=${CMAKE_PREFIX_PATH}:/opt/ros/jazzy DEBUGINFOD_URLS=https://debuginfod.ubuntu.com /usr/bin/cmake --build /home/herman/ros2_ws/build/joint_simulator -- -j4 -l4
[0.691s] Invoking command in '/home/herman/ros2_ws/build/joint_simulator': CMAKE_PREFIX_PATH=${CMAKE_PREFIX_PATH}:/opt/ros/jazzy DEBUGINFOD_URLS=https://debuginfod.ubuntu.com /usr/bin/cmake --install /home/herman/ros2_ws/build/joint_simulator
[0.703s] -- Install configuration: ""
[0.703s] -- Up-to-date: /home/herman/ros2_ws/install/joint_simulator/share/ament_index/resource_index/package_run_dependencies/joint_simulator
[0.703s] -- Installing: /home/herman/ros2_ws/install/joint_simulator/share/ament_index/resource_index/parent_prefix_path/joint_simulator
[0.704s] -- Up-to-date: /home/herman/ros2_ws/install/joint_simulator/share/joint_simulator/environment/ament_prefix_path.sh
[0.704s] -- Up-to-date: /home/herman/ros2_ws/install/joint_simulator/share/joint_simulator/environment/ament_prefix_path.dsv
[0.704s] -- Up-to-date: /home/herman/ros2_ws/install/joint_simulator/share/joint_simulator/environment/path.sh
[0.705s] -- Up-to-date: /home/herman/ros2_ws/install/joint_simulator/share/joint_simulator/environment/path.dsv
[0.705s] -- Up-to-date: /home/herman/ros2_ws/install/joint_simulator/share/joint_simulator/local_setup.bash
[0.705s] -- Up-to-date: /home/herman/ros2_ws/install/joint_simulator/share/joint_simulator/local_setup.sh
[0.705s] -- Up-to-date: /home/herman/ros2_ws/install/joint_simulator/share/joint_simulator/local_setup.zsh
[0.705s] -- Up-to-date: /home/herman/ros2_ws/install/joint_simulator/share/joint_simulator/local_setup.dsv
[0.706s] -- Up-to-date: /home/herman/ros2_ws/install/joint_simulator/share/joint_simulator/package.dsv
[0.706s] -- Up-to-date: /home/herman/ros2_ws/install/joint_simulator/share/ament_index/resource_index/packages/joint_simulator
[0.706s] -- Up-to-date: /home/herman/ros2_ws/install/joint_simulator/share/joint_simulator/cmake/joint_simulatorConfig.cmake
[0.706s] -- Up-to-date: /home/herman/ros2_ws/install/joint_simulator/share/joint_simulator/cmake/joint_simulatorConfig-version.cmake
[0.706s] -- Up-to-date: /home/herman/ros2_ws/install/joint_simulator/share/joint_simulator/package.xml
[0.707s] Invoked command in '/home/herman/ros2_ws/build/joint_simulator' returned '0': CMAKE_PREFIX_PATH=${CMAKE_PREFIX_PATH}:/opt/ros/jazzy DEBUGINFOD_URLS=https://debuginfod.ubuntu.com /usr/bin/cmake --install /home/herman/ros2_ws/build/joint_simulator
