[0.018s] Invoking command in '/home/herman/ros2_ws/build/joint_simulator': CMAKE_PREFIX_PATH=${CMAKE_PREFIX_PATH}:/opt/ros/jazzy DEBUGINFOD_URLS=https://debuginfod.ubuntu.com /usr/bin/cmake /home/herman/ros2_ws/src/joint_simulator -DCMAKE_INSTALL_PREFIX=/home/herman/ros2_ws/install/joint_simulator
[0.375s] -- The C compiler identification is GNU 13.3.0
[0.570s] -- The CXX compiler identification is GNU 13.3.0
[0.595s] -- Detecting C compiler ABI info
[0.738s] -- Detecting C compiler ABI info - done
[0.749s] -- Check for working C compiler: /usr/bin/cc - skipped
[0.755s] -- Detecting C compile features
[0.757s] -- Detecting C compile features - done
[0.783s] -- Detecting CXX compiler ABI info
[0.913s] -- Detecting CXX compiler ABI info - done
[0.926s] -- Check for working CXX compiler: /usr/bin/c++ - skipped
[0.926s] -- Detecting CXX compile features
[0.927s] -- Detecting CXX compile features - done
[0.942s] -- Found ament_cmake: 2.5.3 (/opt/ros/jazzy/share/ament_cmake/cmake)
[1.124s] -- Found Python3: /usr/bin/python3 (found version "3.12.3") found components: Interpreter 
[1.277s] -- Found ament_lint_auto: 0.17.1 (/opt/ros/jazzy/share/ament_lint_auto/cmake)
[1.419s] -- Added test 'lint_cmake' to check CMake code style
[1.422s] -- Added test 'xmllint' to check XML markup files
[1.424s] -- Configuring done (1.3s)
[1.428s] -- Generating done (0.0s)
[1.431s] -- Build files have been written to: /home/herman/ros2_ws/build/joint_simulator
[1.437s] Invoked command in '/home/herman/ros2_ws/build/joint_simulator' returned '0': CMAKE_PREFIX_PATH=${CMAKE_PREFIX_PATH}:/opt/ros/jazzy DEBUGINFOD_URLS=https://debuginfod.ubuntu.com /usr/bin/cmake /home/herman/ros2_ws/src/joint_simulator -DCMAKE_INSTALL_PREFIX=/home/herman/ros2_ws/install/joint_simulator
[1.439s] Invoking command in '/home/herman/ros2_ws/build/joint_simulator': CMAKE_PREFIX_PATH=${CMAKE_PREFIX_PATH}:/opt/ros/jazzy DEBUGINFOD_URLS=https://debuginfod.ubuntu.com /usr/bin/cmake --build /home/herman/ros2_ws/build/joint_simulator -- -j4 -l4
[1.483s] Invoked command in '/home/herman/ros2_ws/build/joint_simulator' returned '0': CMAKE_PREFIX_PATH=${CMAKE_PREFIX_PATH}:/opt/ros/jazzy DEBUGINFOD_URLS=https://debuginfod.ubuntu.com /usr/bin/cmake --build /home/herman/ros2_ws/build/joint_simulator -- -j4 -l4
[1.495s] Invoking command in '/home/herman/ros2_ws/build/joint_simulator': CMAKE_PREFIX_PATH=${CMAKE_PREFIX_PATH}:/opt/ros/jazzy DEBUGINFOD_URLS=https://debuginfod.ubuntu.com /usr/bin/cmake --install /home/herman/ros2_ws/build/joint_simulator
[1.504s] -- Install configuration: ""
[1.504s] -- Installing: /home/herman/ros2_ws/install/joint_simulator/share/ament_index/resource_index/package_run_dependencies/joint_simulator
[1.505s] -- Installing: /home/herman/ros2_ws/install/joint_simulator/share/ament_index/resource_index/parent_prefix_path/joint_simulator
[1.505s] -- Installing: /home/herman/ros2_ws/install/joint_simulator/share/joint_simulator/environment/ament_prefix_path.sh
[1.505s] -- Installing: /home/herman/ros2_ws/install/joint_simulator/share/joint_simulator/environment/ament_prefix_path.dsv
[1.506s] -- Installing: /home/herman/ros2_ws/install/joint_simulator/share/joint_simulator/environment/path.sh
[1.506s] -- Installing: /home/herman/ros2_ws/install/joint_simulator/share/joint_simulator/environment/path.dsv
[1.507s] -- Installing: /home/herman/ros2_ws/install/joint_simulator/share/joint_simulator/local_setup.bash
[1.507s] -- Installing: /home/herman/ros2_ws/install/joint_simulator/share/joint_simulator/local_setup.sh
[1.507s] -- Installing: /home/herman/ros2_ws/install/joint_simulator/share/joint_simulator/local_setup.zsh
[1.507s] -- Installing: /home/herman/ros2_ws/install/joint_simulator/share/joint_simulator/local_setup.dsv
[1.507s] -- Installing: /home/herman/ros2_ws/install/joint_simulator/share/joint_simulator/package.dsv
[1.507s] -- Installing: /home/herman/ros2_ws/install/joint_simulator/share/ament_index/resource_index/packages/joint_simulator
[1.508s] -- Installing: /home/herman/ros2_ws/install/joint_simulator/share/joint_simulator/cmake/joint_simulatorConfig.cmake
[1.508s] -- Installing: /home/herman/ros2_ws/install/joint_simulator/share/joint_simulator/cmake/joint_simulatorConfig-version.cmake
[1.508s] -- Installing: /home/herman/ros2_ws/install/joint_simulator/share/joint_simulator/package.xml
[1.511s] Invoked command in '/home/herman/ros2_ws/build/joint_simulator' returned '0': CMAKE_PREFIX_PATH=${CMAKE_PREFIX_PATH}:/opt/ros/jazzy DEBUGINFOD_URLS=https://debuginfod.ubuntu.com /usr/bin/cmake --install /home/herman/ros2_ws/build/joint_simulator
