[0.134s] DEBUG:colcon:Command line arguments: ['/usr/bin/colcon', 'build']
[0.134s] DEBUG:colcon:Parsed command line arguments: Namespace(log_base=None, log_level=None, verb_name='build', build_base='build', install_base='install', merge_install=False, symlink_install=False, test_result_base=None, continue_on_error=False, executor='parallel', parallel_workers=4, event_handlers=None, ignore_user_meta=False, metas=['./colcon.meta'], base_paths=['.'], packages_ignore=None, packages_ignore_regex=None, paths=None, packages_up_to=None, packages_up_to_regex=None, packages_above=None, packages_above_and_dependencies=None, packages_above_depth=None, packages_select_by_dep=None, packages_skip_by_dep=None, packages_skip_up_to=None, packages_select_build_failed=False, packages_skip_build_finished=False, packages_select_test_failures=False, packages_skip_test_passed=False, packages_select=None, packages_skip=None, packages_select_regex=None, packages_skip_regex=None, packages_start=None, packages_end=None, allow_overriding=[], cmake_args=None, cmake_target=None, cmake_target_skip_unavailable=False, cmake_clean_cache=False, cmake_clean_first=False, cmake_force_configure=False, ament_cmake_args=None, catkin_cmake_args=None, catkin_skip_building_tests=False, mixin_files=None, mixin=None, verb_parser=<colcon_mixin.mixin.mixin_argument.MixinArgumentDecorator object at 0x74889da83e00>, verb_extension=<colcon_core.verb.build.BuildVerb object at 0x74889da837a0>, main=<bound method BuildVerb.main of <colcon_core.verb.build.BuildVerb object at 0x74889da837a0>>, mixin_verb=('build',))
[0.180s] Level 1:colcon.colcon_core.package_discovery:discover_packages(colcon_meta) check parameters
[0.181s] Level 1:colcon.colcon_core.package_discovery:discover_packages(recursive) check parameters
[0.181s] Level 1:colcon.colcon_core.package_discovery:discover_packages(ignore) check parameters
[0.181s] Level 1:colcon.colcon_core.package_discovery:discover_packages(path) check parameters
[0.181s] Level 1:colcon.colcon_core.package_discovery:discover_packages(colcon_meta) discover
[0.181s] Level 1:colcon.colcon_core.package_discovery:discover_packages(recursive) discover
[0.181s] INFO:colcon.colcon_core.package_discovery:Crawling recursively for packages in '/home/herman/ros2_ws'
[0.181s] Level 1:colcon.colcon_core.package_identification:_identify(.) by extensions ['ignore', 'ignore_ament_install']
[0.181s] Level 1:colcon.colcon_core.package_identification:_identify(.) by extension 'ignore'
[0.181s] Level 1:colcon.colcon_core.package_identification:_identify(.) by extension 'ignore_ament_install'
[0.181s] Level 1:colcon.colcon_core.package_identification:_identify(.) by extensions ['colcon_pkg']
[0.181s] Level 1:colcon.colcon_core.package_identification:_identify(.) by extension 'colcon_pkg'
[0.181s] Level 1:colcon.colcon_core.package_identification:_identify(.) by extensions ['colcon_meta']
[0.181s] Level 1:colcon.colcon_core.package_identification:_identify(.) by extension 'colcon_meta'
[0.181s] Level 1:colcon.colcon_core.package_identification:_identify(.) by extensions ['ros']
[0.181s] Level 1:colcon.colcon_core.package_identification:_identify(.) by extension 'ros'
[0.212s] Level 1:colcon.colcon_core.package_identification:_identify(.) by extensions ['cmake', 'python']
[0.212s] Level 1:colcon.colcon_core.package_identification:_identify(.) by extension 'cmake'
[0.212s] Level 1:colcon.colcon_core.package_identification:_identify(.) by extension 'python'
[0.212s] Level 1:colcon.colcon_core.package_identification:_identify(.) by extensions ['python_setup_py']
[0.212s] Level 1:colcon.colcon_core.package_identification:_identify(.) by extension 'python_setup_py'
[0.212s] Level 1:colcon.colcon_core.package_identification:_identify(build) by extensions ['ignore', 'ignore_ament_install']
[0.213s] Level 1:colcon.colcon_core.package_identification:_identify(build) by extension 'ignore'
[0.213s] Level 1:colcon.colcon_core.package_identification:_identify(build) ignored
[0.213s] Level 1:colcon.colcon_core.package_identification:_identify(install) by extensions ['ignore', 'ignore_ament_install']
[0.213s] Level 1:colcon.colcon_core.package_identification:_identify(install) by extension 'ignore'
[0.213s] Level 1:colcon.colcon_core.package_identification:_identify(install) ignored
[0.213s] Level 1:colcon.colcon_core.package_identification:_identify(log) by extensions ['ignore', 'ignore_ament_install']
[0.213s] Level 1:colcon.colcon_core.package_identification:_identify(log) by extension 'ignore'
[0.213s] Level 1:colcon.colcon_core.package_identification:_identify(log) ignored
[0.213s] Level 1:colcon.colcon_core.package_identification:_identify(src) by extensions ['ignore', 'ignore_ament_install']
[0.213s] Level 1:colcon.colcon_core.package_identification:_identify(src) by extension 'ignore'
[0.213s] Level 1:colcon.colcon_core.package_identification:_identify(src) by extension 'ignore_ament_install'
[0.213s] Level 1:colcon.colcon_core.package_identification:_identify(src) by extensions ['colcon_pkg']
[0.213s] Level 1:colcon.colcon_core.package_identification:_identify(src) by extension 'colcon_pkg'
[0.214s] Level 1:colcon.colcon_core.package_identification:_identify(src) by extensions ['colcon_meta']
[0.214s] Level 1:colcon.colcon_core.package_identification:_identify(src) by extension 'colcon_meta'
[0.214s] Level 1:colcon.colcon_core.package_identification:_identify(src) by extensions ['ros']
[0.214s] Level 1:colcon.colcon_core.package_identification:_identify(src) by extension 'ros'
[0.214s] Level 1:colcon.colcon_core.package_identification:_identify(src) by extensions ['cmake', 'python']
[0.214s] Level 1:colcon.colcon_core.package_identification:_identify(src) by extension 'cmake'
[0.214s] Level 1:colcon.colcon_core.package_identification:_identify(src) by extension 'python'
[0.214s] Level 1:colcon.colcon_core.package_identification:_identify(src) by extensions ['python_setup_py']
[0.214s] Level 1:colcon.colcon_core.package_identification:_identify(src) by extension 'python_setup_py'
[0.214s] Level 1:colcon.colcon_core.package_identification:_identify(src/joint_simulator) by extensions ['ignore', 'ignore_ament_install']
[0.214s] Level 1:colcon.colcon_core.package_identification:_identify(src/joint_simulator) by extension 'ignore'
[0.214s] Level 1:colcon.colcon_core.package_identification:_identify(src/joint_simulator) by extension 'ignore_ament_install'
[0.214s] Level 1:colcon.colcon_core.package_identification:_identify(src/joint_simulator) by extensions ['colcon_pkg']
[0.214s] Level 1:colcon.colcon_core.package_identification:_identify(src/joint_simulator) by extension 'colcon_pkg'
[0.214s] Level 1:colcon.colcon_core.package_identification:_identify(src/joint_simulator) by extensions ['colcon_meta']
[0.214s] Level 1:colcon.colcon_core.package_identification:_identify(src/joint_simulator) by extension 'colcon_meta'
[0.214s] Level 1:colcon.colcon_core.package_identification:_identify(src/joint_simulator) by extensions ['ros']
[0.214s] Level 1:colcon.colcon_core.package_identification:_identify(src/joint_simulator) by extension 'ros'
[0.222s] DEBUG:colcon.colcon_core.package_identification:Package 'src/joint_simulator' with type 'ros.ament_cmake' and name 'joint_simulator'
[0.222s] Level 1:colcon.colcon_core.package_discovery:discover_packages(recursive) using defaults
[0.222s] Level 1:colcon.colcon_core.package_discovery:discover_packages(ignore) discover
[0.222s] Level 1:colcon.colcon_core.package_discovery:discover_packages(ignore) using defaults
[0.222s] Level 1:colcon.colcon_core.package_discovery:discover_packages(path) discover
[0.222s] Level 1:colcon.colcon_core.package_discovery:discover_packages(path) using defaults
[0.243s] Level 1:colcon.colcon_core.package_discovery:discover_packages(prefix_path) check parameters
[0.243s] Level 1:colcon.colcon_core.package_discovery:discover_packages(prefix_path) discover
[0.246s] DEBUG:colcon.colcon_installed_package_information.package_discovery:Found 318 installed packages in /opt/ros/jazzy
[0.247s] Level 1:colcon.colcon_core.package_discovery:discover_packages(prefix_path) using defaults
[0.308s] Level 5:colcon.colcon_core.verb:set package 'joint_simulator' build argument 'cmake_args' from command line to 'None'
[0.308s] Level 5:colcon.colcon_core.verb:set package 'joint_simulator' build argument 'cmake_target' from command line to 'None'
[0.308s] Level 5:colcon.colcon_core.verb:set package 'joint_simulator' build argument 'cmake_target_skip_unavailable' from command line to 'False'
[0.308s] Level 5:colcon.colcon_core.verb:set package 'joint_simulator' build argument 'cmake_clean_cache' from command line to 'False'
[0.308s] Level 5:colcon.colcon_core.verb:set package 'joint_simulator' build argument 'cmake_clean_first' from command line to 'False'
[0.308s] Level 5:colcon.colcon_core.verb:set package 'joint_simulator' build argument 'cmake_force_configure' from command line to 'False'
[0.308s] Level 5:colcon.colcon_core.verb:set package 'joint_simulator' build argument 'ament_cmake_args' from command line to 'None'
[0.308s] Level 5:colcon.colcon_core.verb:set package 'joint_simulator' build argument 'catkin_cmake_args' from command line to 'None'
[0.308s] Level 5:colcon.colcon_core.verb:set package 'joint_simulator' build argument 'catkin_skip_building_tests' from command line to 'False'
[0.308s] DEBUG:colcon.colcon_core.verb:Building package 'joint_simulator' with the following arguments: {'ament_cmake_args': None, 'build_base': '/home/herman/ros2_ws/build/joint_simulator', 'catkin_cmake_args': None, 'catkin_skip_building_tests': False, 'cmake_args': None, 'cmake_clean_cache': False, 'cmake_clean_first': False, 'cmake_force_configure': False, 'cmake_target': None, 'cmake_target_skip_unavailable': False, 'install_base': '/home/herman/ros2_ws/install/joint_simulator', 'merge_install': False, 'path': '/home/herman/ros2_ws/src/joint_simulator', 'symlink_install': False, 'test_result_base': None}
[0.308s] INFO:colcon.colcon_core.executor:Executing jobs using 'parallel' executor
[0.309s] DEBUG:colcon.colcon_parallel_executor.executor.parallel:run_until_complete
[0.309s] INFO:colcon.colcon_ros.task.ament_cmake.build:Building ROS package in '/home/herman/ros2_ws/src/joint_simulator' with build type 'ament_cmake'
[0.310s] INFO:colcon.colcon_cmake.task.cmake.build:Building CMake package in '/home/herman/ros2_ws/src/joint_simulator'
[0.313s] INFO:colcon.colcon_core.plugin_system:Skipping extension 'colcon_core.shell.bat': Not used on non-Windows systems
[0.314s] INFO:colcon.colcon_core.shell:Skip shell extension 'powershell' for command environment: Not usable outside of PowerShell
[0.314s] DEBUG:colcon.colcon_core.shell:Skip shell extension 'dsv' for command environment
[0.328s] DEBUG:colcon.colcon_core.event_handler.log_command:Invoking command in '/home/herman/ros2_ws/build/joint_simulator': CMAKE_PREFIX_PATH=${CMAKE_PREFIX_PATH}:/opt/ros/jazzy DEBUGINFOD_URLS=https://debuginfod.ubuntu.com /usr/bin/cmake /home/herman/ros2_ws/src/joint_simulator -DCMAKE_INSTALL_PREFIX=/home/herman/ros2_ws/install/joint_simulator
[1.747s] DEBUG:colcon.colcon_core.event_handler.log_command:Invoked command in '/home/herman/ros2_ws/build/joint_simulator' returned '0': CMAKE_PREFIX_PATH=${CMAKE_PREFIX_PATH}:/opt/ros/jazzy DEBUGINFOD_URLS=https://debuginfod.ubuntu.com /usr/bin/cmake /home/herman/ros2_ws/src/joint_simulator -DCMAKE_INSTALL_PREFIX=/home/herman/ros2_ws/install/joint_simulator
[1.748s] DEBUG:colcon.colcon_core.event_handler.log_command:Invoking command in '/home/herman/ros2_ws/build/joint_simulator': CMAKE_PREFIX_PATH=${CMAKE_PREFIX_PATH}:/opt/ros/jazzy DEBUGINFOD_URLS=https://debuginfod.ubuntu.com /usr/bin/cmake --build /home/herman/ros2_ws/build/joint_simulator -- -j4 -l4
[1.793s] DEBUG:colcon.colcon_core.event_handler.log_command:Invoked command in '/home/herman/ros2_ws/build/joint_simulator' returned '0': CMAKE_PREFIX_PATH=${CMAKE_PREFIX_PATH}:/opt/ros/jazzy DEBUGINFOD_URLS=https://debuginfod.ubuntu.com /usr/bin/cmake --build /home/herman/ros2_ws/build/joint_simulator -- -j4 -l4
[1.805s] DEBUG:colcon.colcon_core.event_handler.log_command:Invoking command in '/home/herman/ros2_ws/build/joint_simulator': CMAKE_PREFIX_PATH=${CMAKE_PREFIX_PATH}:/opt/ros/jazzy DEBUGINFOD_URLS=https://debuginfod.ubuntu.com /usr/bin/cmake --install /home/herman/ros2_ws/build/joint_simulator
[1.820s] Level 1:colcon.colcon_core.environment:create_environment_scripts_only(joint_simulator)
[1.821s] DEBUG:colcon.colcon_core.event_handler.log_command:Invoked command in '/home/herman/ros2_ws/build/joint_simulator' returned '0': CMAKE_PREFIX_PATH=${CMAKE_PREFIX_PATH}:/opt/ros/jazzy DEBUGINFOD_URLS=https://debuginfod.ubuntu.com /usr/bin/cmake --install /home/herman/ros2_ws/build/joint_simulator
[1.829s] Level 1:colcon.colcon_core.environment:checking '/home/herman/ros2_ws/install/joint_simulator' for CMake module files
[1.830s] Level 1:colcon.colcon_core.environment:checking '/home/herman/ros2_ws/install/joint_simulator' for CMake config files
[1.830s] Level 1:colcon.colcon_core.shell:create_environment_hook('joint_simulator', 'cmake_prefix_path')
[1.830s] INFO:colcon.colcon_core.shell:Creating environment hook '/home/herman/ros2_ws/install/joint_simulator/share/joint_simulator/hook/cmake_prefix_path.ps1'
[1.831s] INFO:colcon.colcon_core.shell:Creating environment descriptor '/home/herman/ros2_ws/install/joint_simulator/share/joint_simulator/hook/cmake_prefix_path.dsv'
[1.832s] INFO:colcon.colcon_core.shell:Creating environment hook '/home/herman/ros2_ws/install/joint_simulator/share/joint_simulator/hook/cmake_prefix_path.sh'
[1.833s] Level 1:colcon.colcon_core.environment:checking '/home/herman/ros2_ws/install/joint_simulator/bin'
[1.833s] Level 1:colcon.colcon_core.environment:checking '/home/herman/ros2_ws/install/joint_simulator/lib/pkgconfig/joint_simulator.pc'
[1.834s] Level 1:colcon.colcon_core.environment:checking '/home/herman/ros2_ws/install/joint_simulator/lib/python3.12/site-packages'
[1.834s] Level 1:colcon.colcon_core.environment:checking '/home/herman/ros2_ws/install/joint_simulator/bin'
[1.834s] INFO:colcon.colcon_core.shell:Creating package script '/home/herman/ros2_ws/install/joint_simulator/share/joint_simulator/package.ps1'
[1.835s] INFO:colcon.colcon_core.shell:Creating package descriptor '/home/herman/ros2_ws/install/joint_simulator/share/joint_simulator/package.dsv'
[1.836s] INFO:colcon.colcon_core.shell:Creating package script '/home/herman/ros2_ws/install/joint_simulator/share/joint_simulator/package.sh'
[1.837s] INFO:colcon.colcon_core.shell:Creating package script '/home/herman/ros2_ws/install/joint_simulator/share/joint_simulator/package.bash'
[1.837s] INFO:colcon.colcon_core.shell:Creating package script '/home/herman/ros2_ws/install/joint_simulator/share/joint_simulator/package.zsh'
[1.838s] Level 1:colcon.colcon_core.environment:create_file_with_runtime_dependencies(/home/herman/ros2_ws/install/joint_simulator/share/colcon-core/packages/joint_simulator)
[1.839s] Level 1:colcon.colcon_core.environment:create_environment_scripts_only(joint_simulator)
[1.839s] Level 1:colcon.colcon_core.environment:checking '/home/herman/ros2_ws/install/joint_simulator' for CMake module files
[1.840s] Level 1:colcon.colcon_core.environment:checking '/home/herman/ros2_ws/install/joint_simulator' for CMake config files
[1.840s] Level 1:colcon.colcon_core.shell:create_environment_hook('joint_simulator', 'cmake_prefix_path')
[1.840s] INFO:colcon.colcon_core.shell:Creating environment hook '/home/herman/ros2_ws/install/joint_simulator/share/joint_simulator/hook/cmake_prefix_path.ps1'
[1.841s] INFO:colcon.colcon_core.shell:Creating environment descriptor '/home/herman/ros2_ws/install/joint_simulator/share/joint_simulator/hook/cmake_prefix_path.dsv'
[1.841s] INFO:colcon.colcon_core.shell:Creating environment hook '/home/herman/ros2_ws/install/joint_simulator/share/joint_simulator/hook/cmake_prefix_path.sh'
[1.842s] Level 1:colcon.colcon_core.environment:checking '/home/herman/ros2_ws/install/joint_simulator/bin'
[1.842s] Level 1:colcon.colcon_core.environment:checking '/home/herman/ros2_ws/install/joint_simulator/lib/pkgconfig/joint_simulator.pc'
[1.842s] Level 1:colcon.colcon_core.environment:checking '/home/herman/ros2_ws/install/joint_simulator/lib/python3.12/site-packages'
[1.842s] Level 1:colcon.colcon_core.environment:checking '/home/herman/ros2_ws/install/joint_simulator/bin'
[1.842s] INFO:colcon.colcon_core.shell:Creating package script '/home/herman/ros2_ws/install/joint_simulator/share/joint_simulator/package.ps1'
[1.843s] INFO:colcon.colcon_core.shell:Creating package descriptor '/home/herman/ros2_ws/install/joint_simulator/share/joint_simulator/package.dsv'
[1.844s] INFO:colcon.colcon_core.shell:Creating package script '/home/herman/ros2_ws/install/joint_simulator/share/joint_simulator/package.sh'
[1.844s] INFO:colcon.colcon_core.shell:Creating package script '/home/herman/ros2_ws/install/joint_simulator/share/joint_simulator/package.bash'
[1.844s] INFO:colcon.colcon_core.shell:Creating package script '/home/herman/ros2_ws/install/joint_simulator/share/joint_simulator/package.zsh'
[1.845s] Level 1:colcon.colcon_core.environment:create_file_with_runtime_dependencies(/home/herman/ros2_ws/install/joint_simulator/share/colcon-core/packages/joint_simulator)
[1.845s] DEBUG:colcon.colcon_parallel_executor.executor.parallel:closing loop
[1.845s] DEBUG:colcon.colcon_parallel_executor.executor.parallel:loop closed
[1.846s] DEBUG:colcon.colcon_parallel_executor.executor.parallel:run_until_complete finished with '0'
[1.846s] DEBUG:colcon.colcon_core.event_reactor:joining thread
[1.855s] INFO:colcon.colcon_core.plugin_system:Skipping extension 'colcon_notification.desktop_notification.terminal_notifier': Not used on non-Darwin systems
[1.855s] INFO:colcon.colcon_core.plugin_system:Skipping extension 'colcon_notification.desktop_notification.win32': Not used on non-Windows systems
[1.855s] INFO:colcon.colcon_notification.desktop_notification:Sending desktop notification using 'notify2'
[1.878s] DEBUG:colcon.colcon_core.event_reactor:joined thread
[1.879s] INFO:colcon.colcon_core.shell:Creating prefix script '/home/herman/ros2_ws/install/local_setup.ps1'
[1.880s] INFO:colcon.colcon_core.shell:Creating prefix util module '/home/herman/ros2_ws/install/_local_setup_util_ps1.py'
[1.882s] INFO:colcon.colcon_core.shell:Creating prefix chain script '/home/herman/ros2_ws/install/setup.ps1'
[1.883s] INFO:colcon.colcon_core.shell:Creating prefix script '/home/herman/ros2_ws/install/local_setup.sh'
[1.884s] INFO:colcon.colcon_core.shell:Creating prefix util module '/home/herman/ros2_ws/install/_local_setup_util_sh.py'
[1.884s] INFO:colcon.colcon_core.shell:Creating prefix chain script '/home/herman/ros2_ws/install/setup.sh'
[1.886s] INFO:colcon.colcon_core.shell:Creating prefix script '/home/herman/ros2_ws/install/local_setup.bash'
[1.886s] INFO:colcon.colcon_core.shell:Creating prefix chain script '/home/herman/ros2_ws/install/setup.bash'
[1.888s] INFO:colcon.colcon_core.shell:Creating prefix script '/home/herman/ros2_ws/install/local_setup.zsh'
[1.888s] INFO:colcon.colcon_core.shell:Creating prefix chain script '/home/herman/ros2_ws/install/setup.zsh'
